# JRE version: OpenJDK Runtime Environment Temurin-21.0.9+10 (21.0.9+10) (build 21.0.9+10-LTS)
# Java VM: OpenJDK 64-Bit Server VM Temurin-21.0.9+10 (21.0.9+10-LTS, mixed mode, sharing, tiered, compressed oops, compressed class ptrs, parallel gc, windows-amd64)
GC Precious Log:
 CardTable entry size: 512
 CPUs: 4 total, 4 available
 Memory: 20279M
 Large Page Support: Disabled
 NUMA Support: Disabled
 Compressed Oops: Enabled (32-bit)
 Alignments: Space 512K, Generation 512K, Heap 2M
 Heap Min Capacity: 100M
 Heap Initial Capacity: 100M
 Heap Max Capacity: 2G
 Pre-touch: Disabled
 Parallel Workers: 4
Heap:
 PSYoungGen      total 23552K, used 8202K [0x00000000d5580000, 0x00000000d6f00000, 0x0000000100000000)
  eden space 22016K, 30% used [0x00000000d5580000,0x00000000d5c1ab20,0x00000000d6b00000)
  from space 1536K, 93% used [0x00000000d6d80000,0x00000000d6ee8040,0x00000000d6f00000)
  to   space 2048K, 0% used [0x00000000d6b00000,0x00000000d6b00000,0x00000000d6d00000)
 ParOldGen       total 68608K, used 64178K [0x0000000080000000, 0x0000000084300000, 0x00000000d5580000)
  object space 68608K, 93% used [0x0000000080000000,0x0000000083eac818,0x0000000084300000)
 Metaspace       used 73820K, committed 75328K, reserved 1179648K
  class space    used 9158K, committed 9792K, reserved 1048576K
GC Heap History (20 events):
Event: 82.570 GC heap before
{Heap before GC invocations=58 (full 3):
 PSYoungGen      total 23552K, used 23066K [0x00000000d5580000, 0x00000000d7100000, 0x0000000100000000)
  eden space 22016K, 100% used [0x00000000d5580000,0x00000000d6b00000,0x00000000d6b00000)
  from space 1536K, 68% used [0x00000000d6f80000,0x00000000d7086b38,0x00000000d7100000)
  to   space 2048K, 0% used [0x00000000d6d00000,0x00000000d6d00000,0x00000000d6f00000)
 ParOldGen       total 68608K, used 48862K [0x0000000080000000, 0x0000000084300000, 0x00000000d5580000)
  object space 68608K, 71% used [0x0000000080000000,0x0000000082fb78b8,0x0000000084300000)
 Metaspace       used 70000K, committed 71488K, reserved 1114112K
  class space    used 8755K, committed 9408K, reserved 1048576K
}
Event: 82.572 GC heap after
{Heap after GC invocations=58 (full 3):
 PSYoungGen      total 24064K, used 128K [0x00000000d5580000, 0x00000000d7000000, 0x0000000100000000)
  eden space 22016K, 0% used [0x00000000d5580000,0x00000000d5580000,0x00000000d6b00000)
  from space 2048K, 6% used [0x00000000d6d00000,0x00000000d6d20000,0x00000000d6f00000)
  to   space 1024K, 0% used [0x00000000d6f00000,0x00000000d6f00000,0x00000000d7000000)
 ParOldGen       total 68608K, used 49877K [0x0000000080000000, 0x0000000084300000, 0x00000000d5580000)
  object space 68608K, 72% used [0x0000000080000000,0x00000000830b5420,0x0000000084300000)
 Metaspace       used 70000K, committed 71488K, reserved 1114112K
  class space    used 8755K, committed 9408K, reserved 1048576K
}
Event: 83.118 GC heap before
{Heap before GC invocations=59 (full 3):
 PSYoungGen      total 24064K, used 22144K [0x00000000d5580000, 0x00000000d7000000, 0x0000000100000000)
  eden space 22016K, 100% used [0x00000000d5580000,0x00000000d6b00000,0x00000000d6b00000)
  from space 2048K, 6% used [0x00000000d6d00000,0x00000000d6d20000,0x00000000d6f00000)
  to   space 1024K, 0% used [0x00000000d6f00000,0x00000000d6f00000,0x00000000d7000000)
 ParOldGen       total 68608K, used 49877K [0x0000000080000000, 0x0000000084300000, 0x00000000d5580000)
  object space 68608K, 72% used [0x0000000080000000,0x00000000830b5420,0x0000000084300000)
 Metaspace       used 70468K, committed 71936K, reserved 1114112K
  class space    used 8821K, committed 9472K, reserved 1048576K
}
Event: 83.119 GC heap after
{Heap after GC invocations=59 (full 3):
 PSYoungGen      total 22528K, used 224K [0x00000000d5580000, 0x00000000d6f80000, 0x0000000100000000)
  eden space 22016K, 0% used [0x00000000d5580000,0x00000000d5580000,0x00000000d6b00000)
  from space 512K, 43% used [0x00000000d6f00000,0x00000000d6f38020,0x00000000d6f80000)
  to   space 512K, 0% used [0x00000000d6e80000,0x00000000d6e80000,0x00000000d6f00000)
 ParOldGen       total 68608K, used 49949K [0x0000000080000000, 0x0000000084300000, 0x00000000d5580000)
  object space 68608K, 72% used [0x0000000080000000,0x00000000830c7420,0x0000000084300000)
 Metaspace       used 70468K, committed 71936K, reserved 1114112K
  class space    used 8821K, committed 9472K, reserved 1048576K
}
Event: 83.535 GC heap before
{Heap before GC invocations=60 (full 3):
 PSYoungGen      total 22528K, used 22240K [0x00000000d5580000, 0x00000000d6f80000, 0x0000000100000000)
  eden space 22016K, 100% used [0x00000000d5580000,0x00000000d6b00000,0x00000000d6b00000)
  from space 512K, 43% used [0x00000000d6f00000,0x00000000d6f38020,0x00000000d6f80000)
  to   space 512K, 0% used [0x00000000d6e80000,0x00000000d6e80000,0x00000000d6f00000)
 ParOldGen       total 68608K, used 49949K [0x0000000080000000, 0x0000000084300000, 0x00000000d5580000)
  object space 68608K, 72% used [0x0000000080000000,0x00000000830c7420,0x0000000084300000)
 Metaspace       used 70472K, committed 71936K, reserved 1114112K
  class space    used 8821K, committed 9472K, reserved 1048576K
}
Event: 83.536 GC heap after
{Heap after GC invocations=60 (full 3):
 PSYoungGen      total 22528K, used 144K [0x00000000d5580000, 0x00000000d6f80000, 0x0000000100000000)
  eden space 22016K, 0% used [0x00000000d5580000,0x00000000d5580000,0x00000000d6b00000)
  from space 512K, 28% used [0x00000000d6e80000,0x00000000d6ea4010,0x00000000d6f00000)
  to   space 512K, 0% used [0x00000000d6f00000,0x00000000d6f00000,0x00000000d6f80000)
 ParOldGen       total 68608K, used 50071K [0x0000000080000000, 0x0000000084300000, 0x00000000d5580000)
  object space 68608K, 72% used [0x0000000080000000,0x00000000830e5c30,0x0000000084300000)
 Metaspace       used 70472K, committed 71936K, reserved 1114112K
  class space    used 8821K, committed 9472K, reserved 1048576K
}
Event: 84.273 GC heap before
{Heap before GC invocations=61 (full 3):
 PSYoungGen      total 22528K, used 22160K [0x00000000d5580000, 0x00000000d6f80000, 0x0000000100000000)
  eden space 22016K, 100% used [0x00000000d5580000,0x00000000d6b00000,0x00000000d6b00000)
  from space 512K, 28% used [0x00000000d6e80000,0x00000000d6ea4010,0x00000000d6f00000)
  to   space 512K, 0% used [0x00000000d6f00000,0x00000000d6f00000,0x00000000d6f80000)
 ParOldGen       total 68608K, used 50071K [0x0000000080000000, 0x0000000084300000, 0x00000000d5580000)
  object space 68608K, 72% used [0x0000000080000000,0x00000000830e5c30,0x0000000084300000)
 Metaspace       used 72142K, committed 73664K, reserved 1114112K
  class space    used 8999K, committed 9600K, reserved 1048576K
}
Event: 84.276 GC heap after
{Heap after GC invocations=61 (full 3):
 PSYoungGen      total 22528K, used 489K [0x00000000d5580000, 0x00000000d7100000, 0x0000000100000000)
  eden space 22016K, 0% used [0x00000000d5580000,0x00000000d5580000,0x00000000d6b00000)
  from space 512K, 95% used [0x00000000d6f00000,0x00000000d6f7a480,0x00000000d6f80000)
  to   space 3072K, 0% used [0x00000000d6b00000,0x00000000d6b00000,0x00000000d6e00000)
 ParOldGen       total 68608K, used 51991K [0x0000000080000000, 0x0000000084300000, 0x00000000d5580000)
  object space 68608K, 75% used [0x0000000080000000,0x00000000832c5c60,0x0000000084300000)
 Metaspace       used 72142K, committed 73664K, reserved 1114112K
  class space    used 8999K, committed 9600K, reserved 1048576K
}
Event: 84.700 GC heap before
{Heap before GC invocations=62 (full 3):
 PSYoungGen      total 22528K, used 22505K [0x00000000d5580000, 0x00000000d7100000, 0x0000000100000000)
  eden space 22016K, 100% used [0x00000000d5580000,0x00000000d6b00000,0x00000000d6b00000)
  from space 512K, 95% used [0x00000000d6f00000,0x00000000d6f7a480,0x00000000d6f80000)
  to   space 3072K, 0% used [0x00000000d6b00000,0x00000000d6b00000,0x00000000d6e00000)
 ParOldGen       total 68608K, used 51991K [0x0000000080000000, 0x0000000084300000, 0x00000000d5580000)
  object space 68608K, 75% used [0x0000000080000000,0x00000000832c5c60,0x0000000084300000)
 Metaspace       used 72490K, committed 73984K, reserved 1114112K
  class space    used 9015K, committed 9600K, reserved 1048576K
}
Event: 84.703 GC heap after
{Heap after GC invocations=62 (full 3):
 PSYoungGen      total 25088K, used 2464K [0x00000000d5580000, 0x00000000d7100000, 0x0000000100000000)
  eden space 22016K, 0% used [0x00000000d5580000,0x00000000d5580000,0x00000000d6b00000)
  from space 3072K, 80% used [0x00000000d6b00000,0x00000000d6d68030,0x00000000d6e00000)
  to   space 3072K, 0% used [0x00000000d6e00000,0x00000000d6e00000,0x00000000d7100000)
 ParOldGen       total 68608K, used 52458K [0x0000000080000000, 0x0000000084300000, 0x00000000d5580000)
  object space 68608K, 76% used [0x0000000080000000,0x000000008333a9a0,0x0000000084300000)
 Metaspace       used 72490K, committed 73984K, reserved 1114112K
  class space    used 9015K, committed 9600K, reserved 1048576K
}
Event: 84.800 GC heap before
{Heap before GC invocations=63 (full 3):
 PSYoungGen      total 25088K, used 24480K [0x00000000d5580000, 0x00000000d7100000, 0x0000000100000000)
  eden space 22016K, 100% used [0x00000000d5580000,0x00000000d6b00000,0x00000000d6b00000)
  from space 3072K, 80% used [0x00000000d6b00000,0x00000000d6d68030,0x00000000d6e00000)
  to   space 3072K, 0% used [0x00000000d6e00000,0x00000000d6e00000,0x00000000d7100000)
 ParOldGen       total 68608K, used 52458K [0x0000000080000000, 0x0000000084300000, 0x00000000d5580000)
  object space 68608K, 76% used [0x0000000080000000,0x000000008333a9a0,0x0000000084300000)
 Metaspace       used 72879K, committed 74368K, reserved 1179648K
  class space    used 9073K, committed 9664K, reserved 1048576K
}
Event: 84.805 GC heap after
{Heap after GC invocations=63 (full 3):
 PSYoungGen      total 25088K, used 2593K [0x00000000d5580000, 0x00000000d7100000, 0x0000000100000000)
  eden space 22016K, 0% used [0x00000000d5580000,0x00000000d5580000,0x00000000d6b00000)
  from space 3072K, 84% used [0x00000000d6e00000,0x00000000d7088430,0x00000000d7100000)
  to   space 3072K, 0% used [0x00000000d6b00000,0x00000000d6b00000,0x00000000d6e00000)
 ParOldGen       total 68608K, used 54734K [0x0000000080000000, 0x0000000084300000, 0x00000000d5580000)
  object space 68608K, 79% used [0x0000000080000000,0x00000000835739e0,0x0000000084300000)
 Metaspace       used 72879K, committed 74368K, reserved 1179648K
  class space    used 9073K, committed 9664K, reserved 1048576K
}
Event: 85.340 GC heap before
{Heap before GC invocations=64 (full 3):
 PSYoungGen      total 25088K, used 24609K [0x00000000d5580000, 0x00000000d7100000, 0x0000000100000000)
  eden space 22016K, 100% used [0x00000000d5580000,0x00000000d6b00000,0x00000000d6b00000)
  from space 3072K, 84% used [0x00000000d6e00000,0x00000000d7088430,0x00000000d7100000)
  to   space 3072K, 0% used [0x00000000d6b00000,0x00000000d6b00000,0x00000000d6e00000)
 ParOldGen       total 68608K, used 54734K [0x0000000080000000, 0x0000000084300000, 0x00000000d5580000)
  object space 68608K, 79% used [0x0000000080000000,0x00000000835739e0,0x0000000084300000)
 Metaspace       used 72908K, committed 74368K, reserved 1179648K
  class space    used 9073K, committed 9664K, reserved 1048576K
}
Event: 85.346 GC heap after
{Heap after GC invocations=64 (full 3):
 PSYoungGen      total 24576K, used 2498K [0x00000000d5580000, 0x00000000d7000000, 0x0000000100000000)
  eden space 22016K, 0% used [0x00000000d5580000,0x00000000d5580000,0x00000000d6b00000)
  from space 2560K, 97% used [0x00000000d6b00000,0x00000000d6d70800,0x00000000d6d80000)
  to   space 2560K, 0% used [0x00000000d6d80000,0x00000000d6d80000,0x00000000d7000000)
 ParOldGen       total 68608K, used 57169K [0x0000000080000000, 0x0000000084300000, 0x00000000d5580000)
  object space 68608K, 83% used [0x0000000080000000,0x00000000837d4700,0x0000000084300000)
 Metaspace       used 72908K, committed 74368K, reserved 1179648K
  class space    used 9073K, committed 9664K, reserved 1048576K
}
Event: 85.400 GC heap before
{Heap before GC invocations=65 (full 3):
 PSYoungGen      total 24576K, used 24514K [0x00000000d5580000, 0x00000000d7000000, 0x0000000100000000)
  eden space 22016K, 100% used [0x00000000d5580000,0x00000000d6b00000,0x00000000d6b00000)
  from space 2560K, 97% used [0x00000000d6b00000,0x00000000d6d70800,0x00000000d6d80000)
  to   space 2560K, 0% used [0x00000000d6d80000,0x00000000d6d80000,0x00000000d7000000)
 ParOldGen       total 68608K, used 57169K [0x0000000080000000, 0x0000000084300000, 0x00000000d5580000)
  object space 68608K, 83% used [0x0000000080000000,0x00000000837d4700,0x0000000084300000)
 Metaspace       used 72914K, committed 74368K, reserved 1179648K
  class space    used 9073K, committed 9664K, reserved 1048576K
}
Event: 85.404 GC heap after
{Heap after GC invocations=65 (full 3):
 PSYoungGen      total 24576K, used 2468K [0x00000000d5580000, 0x00000000d7000000, 0x0000000100000000)
  eden space 22016K, 0% used [0x00000000d5580000,0x00000000d5580000,0x00000000d6b00000)
  from space 2560K, 96% used [0x00000000d6d80000,0x00000000d6fe9000,0x00000000d7000000)
  to   space 2560K, 0% used [0x00000000d6b00000,0x00000000d6b00000,0x00000000d6d80000)
 ParOldGen       total 68608K, used 59400K [0x0000000080000000, 0x0000000084300000, 0x00000000d5580000)
  object space 68608K, 86% used [0x0000000080000000,0x0000000083a020e0,0x0000000084300000)
 Metaspace       used 72914K, committed 74368K, reserved 1179648K
  class space    used 9073K, committed 9664K, reserved 1048576K
}
Event: 85.472 GC heap before
{Heap before GC invocations=66 (full 3):
 PSYoungGen      total 24576K, used 24484K [0x00000000d5580000, 0x00000000d7000000, 0x0000000100000000)
  eden space 22016K, 100% used [0x00000000d5580000,0x00000000d6b00000,0x00000000d6b00000)
  from space 2560K, 96% used [0x00000000d6d80000,0x00000000d6fe9000,0x00000000d7000000)
  to   space 2560K, 0% used [0x00000000d6b00000,0x00000000d6b00000,0x00000000d6d80000)
 ParOldGen       total 68608K, used 59400K [0x0000000080000000, 0x0000000084300000, 0x00000000d5580000)
  object space 68608K, 86% used [0x0000000080000000,0x0000000083a020e0,0x0000000084300000)
 Metaspace       used 72939K, committed 74496K, reserved 1179648K
  class space    used 9074K, committed 9664K, reserved 1048576K
}
Event: 85.477 GC heap after
{Heap after GC invocations=66 (full 3):
 PSYoungGen      total 24576K, used 2400K [0x00000000d5580000, 0x00000000d7000000, 0x0000000100000000)
  eden space 22016K, 0% used [0x00000000d5580000,0x00000000d5580000,0x00000000d6b00000)
  from space 2560K, 93% used [0x00000000d6b00000,0x00000000d6d58010,0x00000000d6d80000)
  to   space 2560K, 0% used [0x00000000d6d80000,0x00000000d6d80000,0x00000000d7000000)
 ParOldGen       total 68608K, used 61833K [0x0000000080000000, 0x0000000084300000, 0x00000000d5580000)
  object space 68608K, 90% used [0x0000000080000000,0x0000000083c62608,0x0000000084300000)
 Metaspace       used 72939K, committed 74496K, reserved 1179648K
  class space    used 9074K, committed 9664K, reserved 1048576K
}
Event: 85.694 GC heap before
{Heap before GC invocations=67 (full 3):
 PSYoungGen      total 24576K, used 24416K [0x00000000d5580000, 0x00000000d7000000, 0x0000000100000000)
  eden space 22016K, 99% used [0x00000000d5580000,0x00000000d6affff8,0x00000000d6b00000)
  from space 2560K, 93% used [0x00000000d6b00000,0x00000000d6d58010,0x00000000d6d80000)
  to   space 2560K, 0% used [0x00000000d6d80000,0x00000000d6d80000,0x00000000d7000000)
 ParOldGen       total 68608K, used 61833K [0x0000000080000000, 0x0000000084300000, 0x00000000d5580000)
  object space 68608K, 90% used [0x0000000080000000,0x0000000083c62608,0x0000000084300000)
 Metaspace       used 73539K, committed 75136K, reserved 1179648K
  class space    used 9128K, committed 9792K, reserved 1048576K
}
Event: 85.699 GC heap after
{Heap after GC invocations=67 (full 3):
 PSYoungGen      total 23552K, used 1440K [0x00000000d5580000, 0x00000000d6f00000, 0x0000000100000000)
  eden space 22016K, 0% used [0x00000000d5580000,0x00000000d5580000,0x00000000d6b00000)
  from space 1536K, 93% used [0x00000000d6d80000,0x00000000d6ee8040,0x00000000d6f00000)
  to   space 2048K, 0% used [0x00000000d6b00000,0x00000000d6b00000,0x00000000d6d00000)
 ParOldGen       total 68608K, used 64178K [0x0000000080000000, 0x0000000084300000, 0x00000000d5580000)
  object space 68608K, 93% used [0x0000000080000000,0x0000000083eac818,0x0000000084300000)
 Metaspace       used 73539K, committed 75136K, reserved 1179648K
  class space    used 9128K, committed 9792K, reserved 1048576K
}

