# JRE version: OpenJDK Runtime Environment (21.0.6) (build 21.0.6+-13368085-b895.109)
# Java VM: OpenJDK 64-Bit Server VM (21.0.6+-13368085-b895.109, mixed mode, tiered, compressed oops, compressed class ptrs, g1 gc, windows-amd64)
GC Precious Log:
 CardTable entry size: 512
 Card Set container configuration: InlinePtr #cards 5 size 8 Array Of Cards #cards 12 size 40 Howl #buckets 4 coarsen threshold 1843 Howl Bitmap #cards 512 size 80 coarsen threshold 460 Card regions per heap region 1 cards per card region 2048
 CPUs: 4 total, 4 available
 Memory: 20279M
 Large Page Support: Disabled
 NUMA Support: Disabled
 Compressed Oops: Enabled (32-bit)
 Heap Region Size: 1M
 Heap Min Capacity: 8M
 Heap Initial Capacity: 318M
 Heap Max Capacity: 2G
 Pre-touch: Disabled
 Parallel Workers: 4
 Concurrent Workers: 1
 Concurrent Refinement Workers: 4
 Periodic GC: Disabled
Heap:
 garbage-first heap   total 462848K, used 395088K [0x0000000080000000, 0x0000000100000000)
  region size 1024K, 126 young (129024K), 16 survivors (16384K)
 Metaspace       used 234737K, committed 237952K, reserved 1310720K
  class space    used 29911K, committed 31488K, reserved 1048576K
GC Heap History (20 events):
Event: 34.562 GC heap before
{Heap before GC invocations=55 (full 0):
 garbage-first heap   total 394240K, used 364342K [0x0000000080000000, 0x0000000100000000)
  region size 1024K, 130 young (133120K), 6 survivors (6144K)
 Metaspace       used 190519K, committed 193408K, reserved 1245184K
  class space    used 24343K, committed 25792K, reserved 1048576K
}
Event: 34.570 GC heap after
{Heap after GC invocations=56 (full 0):
 garbage-first heap   total 394240K, used 228556K [0x0000000080000000, 0x0000000100000000)
  region size 1024K, 9 young (9216K), 9 survivors (9216K)
 Metaspace       used 190519K, committed 193408K, reserved 1245184K
  class space    used 24343K, committed 25792K, reserved 1048576K
}
Event: 36.255 GC heap before
{Heap before GC invocations=56 (full 0):
 garbage-first heap   total 394240K, used 347340K [0x0000000080000000, 0x0000000100000000)
  region size 1024K, 127 young (130048K), 9 survivors (9216K)
 Metaspace       used 193861K, committed 196672K, reserved 1245184K
  class space    used 24745K, committed 26176K, reserved 1048576K
}
Event: 36.264 GC heap after
{Heap after GC invocations=57 (full 0):
 garbage-first heap   total 394240K, used 233740K [0x0000000080000000, 0x0000000100000000)
  region size 1024K, 14 young (14336K), 14 survivors (14336K)
 Metaspace       used 193861K, committed 196672K, reserved 1245184K
  class space    used 24745K, committed 26176K, reserved 1048576K
}
Event: 38.968 GC heap before
{Heap before GC invocations=58 (full 0):
 garbage-first heap   total 394240K, used 360716K [0x0000000080000000, 0x0000000100000000)
  region size 1024K, 136 young (139264K), 14 survivors (14336K)
 Metaspace       used 205802K, committed 208768K, reserved 1245184K
  class space    used 26240K, committed 27712K, reserved 1048576K
}
Event: 38.985 GC heap after
{Heap after GC invocations=59 (full 0):
 garbage-first heap   total 394240K, used 242072K [0x0000000080000000, 0x0000000100000000)
  region size 1024K, 16 young (16384K), 16 survivors (16384K)
 Metaspace       used 205802K, committed 208768K, reserved 1245184K
  class space    used 26240K, committed 27712K, reserved 1048576K
}
Event: 40.186 GC heap before
{Heap before GC invocations=59 (full 0):
 garbage-first heap   total 394240K, used 355736K [0x0000000080000000, 0x0000000100000000)
  region size 1024K, 128 young (131072K), 16 survivors (16384K)
 Metaspace       used 206578K, committed 209472K, reserved 1245184K
  class space    used 26311K, committed 27776K, reserved 1048576K
}
Event: 40.207 GC heap after
{Heap after GC invocations=60 (full 0):
 garbage-first heap   total 394240K, used 245059K [0x0000000080000000, 0x0000000100000000)
  region size 1024K, 11 young (11264K), 11 survivors (11264K)
 Metaspace       used 206578K, committed 209472K, reserved 1245184K
  class space    used 26311K, committed 27776K, reserved 1048576K
}
Event: 46.577 GC heap before
{Heap before GC invocations=60 (full 0):
 garbage-first heap   total 394240K, used 360771K [0x0000000080000000, 0x0000000100000000)
  region size 1024K, 125 young (128000K), 11 survivors (11264K)
 Metaspace       used 210829K, committed 213824K, reserved 1245184K
  class space    used 26789K, committed 28288K, reserved 1048576K
}
Event: 46.593 GC heap after
{Heap after GC invocations=61 (full 0):
 garbage-first heap   total 394240K, used 254976K [0x0000000080000000, 0x0000000100000000)
  region size 1024K, 13 young (13312K), 13 survivors (13312K)
 Metaspace       used 210829K, committed 213824K, reserved 1245184K
  class space    used 26789K, committed 28288K, reserved 1048576K
}
Event: 607.095 GC heap before
{Heap before GC invocations=62 (full 0):
 garbage-first heap   total 424960K, used 357376K [0x0000000080000000, 0x0000000100000000)
  region size 1024K, 114 young (116736K), 13 survivors (13312K)
 Metaspace       used 216937K, committed 219968K, reserved 1245184K
  class space    used 27337K, committed 28864K, reserved 1048576K
}
Event: 607.109 GC heap after
{Heap after GC invocations=63 (full 0):
 garbage-first heap   total 424960K, used 259584K [0x0000000080000000, 0x0000000100000000)
  region size 1024K, 5 young (5120K), 5 survivors (5120K)
 Metaspace       used 216937K, committed 219968K, reserved 1245184K
  class space    used 27337K, committed 28864K, reserved 1048576K
}
Event: 608.766 GC heap before
{Heap before GC invocations=63 (full 0):
 garbage-first heap   total 424960K, used 394752K [0x0000000080000000, 0x0000000100000000)
  region size 1024K, 138 young (141312K), 5 survivors (5120K)
 Metaspace       used 220389K, committed 223360K, reserved 1245184K
  class space    used 27818K, committed 29312K, reserved 1048576K
}
Event: 608.792 GC heap after
{Heap after GC invocations=64 (full 0):
 garbage-first heap   total 424960K, used 270848K [0x0000000080000000, 0x0000000100000000)
  region size 1024K, 18 young (18432K), 18 survivors (18432K)
 Metaspace       used 220389K, committed 223360K, reserved 1245184K
  class space    used 27818K, committed 29312K, reserved 1048576K
}
Event: 609.894 GC heap before
{Heap before GC invocations=64 (full 0):
 garbage-first heap   total 424960K, used 382464K [0x0000000080000000, 0x0000000100000000)
  region size 1024K, 128 young (131072K), 18 survivors (18432K)
 Metaspace       used 220803K, committed 223936K, reserved 1245184K
  class space    used 27876K, committed 29440K, reserved 1048576K
}
Event: 609.917 GC heap after
{Heap after GC invocations=65 (full 0):
 garbage-first heap   total 424960K, used 277839K [0x0000000080000000, 0x0000000100000000)
  region size 1024K, 9 young (9216K), 9 survivors (9216K)
 Metaspace       used 220803K, committed 223936K, reserved 1245184K
  class space    used 27876K, committed 29440K, reserved 1048576K
}
Event: 611.212 GC heap before
{Heap before GC invocations=66 (full 0):
 garbage-first heap   total 462848K, used 388431K [0x0000000080000000, 0x0000000100000000)
  region size 1024K, 119 young (121856K), 9 survivors (9216K)
 Metaspace       used 222135K, committed 225280K, reserved 1245184K
  class space    used 28098K, committed 29696K, reserved 1048576K
}
Event: 611.222 GC heap after
{Heap after GC invocations=67 (full 0):
 garbage-first heap   total 462848K, used 279887K [0x0000000080000000, 0x0000000100000000)
  region size 1024K, 12 young (12288K), 12 survivors (12288K)
 Metaspace       used 222135K, committed 225280K, reserved 1245184K
  class space    used 28098K, committed 29696K, reserved 1048576K
}
Event: 624.597 GC heap before
{Heap before GC invocations=67 (full 0):
 garbage-first heap   total 462848K, used 424271K [0x0000000080000000, 0x0000000100000000)
  region size 1024K, 154 young (157696K), 12 survivors (12288K)
 Metaspace       used 228092K, committed 231232K, reserved 1310720K
  class space    used 28938K, committed 30528K, reserved 1048576K
}
Event: 624.616 GC heap after
{Heap after GC invocations=68 (full 0):
 garbage-first heap   total 462848K, used 284496K [0x0000000080000000, 0x0000000100000000)
  region size 1024K, 16 young (16384K), 16 survivors (16384K)
 Metaspace       used 228092K, committed 231232K, reserved 1310720K
  class space    used 28938K, committed 30528K, reserved 1048576K
}

